<?xml version="1.0" encoding="UTF-8"?>
<!-- Generated by org.testng.reporters.JUnitXMLReporter -->
<testsuite hostname="DESKTOP-PRMIIS3" ignored="1" name="LogInTest" tests="2" failures="0" timestamp="18 Aug 2017 09:03:50 GMT" time="45.179" errors="0">
  <testcase name="negativeLogInTest" time="13.976" classname="com.dice.LogInTest"/>
  <testcase name="negativeLogInTest" time="13.437" classname="com.dice.LogInTest"/>
  <testcase name="positiveLogInTest" time="0.0" classname="com.dice.LogInTest">
    <ignored/>
  </testcase> <!-- positiveLogInTest -->
</testsuite> <!-- LogInTest -->
